#
# A fatal error has been detected by the Java Runtime Environment:
#
#  EXCEPTION_ACCESS_VIOLATION (0xc0000005) at pc=0x0000000076040860, pid=2424, tid=0x0000000000002f84
#
# JRE version: OpenJDK Runtime Environment (8.0_242-b01) (build 1.8.0_242-release-1644-b01)
# Java VM: OpenJDK 64-Bit Server VM (25.242-b01 mixed mode windows-amd64 compressed oops)
# Problematic frame:
# V  [jvm.dll+0x4e0860]
#
# Failed to write core dump. Minidumps are not enabled by default on client versions of Windows
#
# If you would like to submit a bug report, please visit:
#   
#

---------------  T H R E A D  ---------------

Current thread (0x000000001a039800):  JavaThread "C2 CompilerThread2" daemon [_thread_in_native, id=12164, stack(0x000000001ab00000,0x000000001ac00000)]

siginfo: ExceptionCode=0xc0000005, reading address 0x0000000000080000

Registers:
RAX=0x0000000080000000, RBX=0x0000000000000020, RCX=0x00000000a2868a76, RDX=0x000000001f35b020
RSP=0x000000001abfbad0, RBP=0x000000001d09c758, RSI=0x0000000000000016, RDI=0x000000001abfdc50
R8 =0x000000000000001b, R9 =0x0000000080000000, R10=0x0000000000007fff, R11=0x0000000023efde30
R12=0x000000001cb2adb8, R13=0x0000000029590e78, R14=0x000000001d0a1ad0, R15=0x000000001abfd250
RIP=0x0000000076040860, EFLAGS=0x0000000000010297

Top of Stack: (sp=0x000000001abfbad0)
0x000000001abfbad0:   000000001d09c758 0000000075fc0c4e
0x000000001abfbae0:   000000002613822c 0000000076027d36
0x000000001abfbaf0:   000000001d0a1400 0000000000000001
0x000000001abfbb00:   000000001d0a1ad0 0000000076040e97
0x000000001abfbb10:   000000001d09c758 0000000000000016
0x000000001abfbb20:   000000001abfd250 000000001d09c758
0x000000001abfbb30:   0000000000000000 000000002958c210
0x000000001abfbb40:   000000002958c218 0000000075fa87fa
0x000000001abfbb50:   0000000023ca0350 000000001d09c758
0x000000001abfbb60:   000000001d09c758 00000000000001f0
0x000000001abfbb70:   000000001abfd250 0000000076042691
0x000000001abfbb80:   000000001abfd250 000000001d09c758
0x000000001abfbb90:   0000000000000016 000000001d0a1ad0
0x000000001abfbba0:   00000000247f7160 000000001abfbc08
0x000000001abfbbb0:   000000001d09c758 00000000760421e1
0x000000001abfbbc0:   0000000000000030 000000001d0a1440 

Instructions: (pc=0x0000000076040860)
0x0000000076040840:   40 48 89 7c 24 50 4c 89 64 24 20 48 89 74 24 48
0x0000000076040850:   48 8d b9 00 0a 00 00 66 0f 1f 84 00 00 00 00 00
0x0000000076040860:   4c 8b 23 41 8b 4c 24 28 8b c1 c1 e8 05 3b 47 30
0x0000000076040870:   72 0f 48 8b 47 20 8b d1 48 8d 4f 20 ff 50 18 eb 


Register to memory mapping:

RAX=0x0000000080000000 is an oop
java.lang.Object 
 - klass: 'java/lang/Object'
RBX=0x0000000000000020 is an unknown value
RCX=0x00000000a2868a76 is an unallocated location in the heap
RDX=0x000000001f35b020 is an unknown value
RSP=0x000000001abfbad0 is pointing into the stack for thread: 0x000000001a039800
RBP=0x000000001d09c758 is an unknown value
RSI=0x0000000000000016 is an unknown value
RDI=0x000000001abfdc50 is pointing into the stack for thread: 0x000000001a039800
R8 =0x000000000000001b is an unknown value
R9 =0x0000000080000000 is an oop
java.lang.Object 
 - klass: 'java/lang/Object'
R10=0x0000000000007fff is an unknown value
R11=0x0000000023efde30 is an unknown value
R12=0x000000001cb2adb8 is an unknown value
R13=0x0000000029590e78 is an unknown value
R14=0x000000001d0a1ad0 is an unknown value
R15=0x000000001abfd250 is pointing into the stack for thread: 0x000000001a039800


Stack: [0x000000001ab00000,0x000000001ac00000],  sp=0x000000001abfbad0,  free space=1006k
Native frames: (J=compiled Java code, j=interpreted, Vv=VM code, C=native code)
V  [jvm.dll+0x4e0860]
V  [jvm.dll+0x4e0e97]
V  [jvm.dll+0x4e2691]
V  [jvm.dll+0x4e21e1]
V  [jvm.dll+0x4df77b]
V  [jvm.dll+0x446eb4]
V  [jvm.dll+0x447f14]
V  [jvm.dll+0x42b072]
V  [jvm.dll+0x8230f]
V  [jvm.dll+0x82c7f]
V  [jvm.dll+0x220b7f]
V  [jvm.dll+0x27276a]
C  [msvcr100.dll+0x21d9f]
C  [msvcr100.dll+0x21e3b]
C  [KERNEL32.DLL+0x17c24]
C  [ntdll.dll+0x6d4d1]


Current CompileTask:
C2: 928235 24402       4       org.objectweb.asm.ClassReader::readCode (5089 bytes)


---------------  P R O C E S S  ---------------

Java Threads: ( => current thread )
  0x000000001cbce800 JavaThread "stdout" [_thread_in_native, id=19200, stack(0x0000000031150000,0x0000000031250000)]
  0x000000001cbd4000 JavaThread "stderr" [_thread_in_native, id=10776, stack(0x0000000031050000,0x0000000031150000)]
  0x000000001cbd3000 JavaThread "pool-26-thread-1" [_thread_blocked, id=2080, stack(0x0000000030f50000,0x0000000031050000)]
  0x000000001fb75000 JavaThread "RMI TCP Connection(idle)" daemon [_thread_blocked, id=11152, stack(0x0000000030c50000,0x0000000030d50000)]
  0x000000001fb76800 JavaThread "Cache worker for execution history cache (C:\Users\TGDD\Desktop\android\project\Crawl\.gradle\6.1.1\executionHistory)" [_thread_blocked, id=2224, stack(0x0000000030b50000,0x0000000030c50000)]
  0x000000001fb78000 JavaThread "Execution worker for ':' Thread 7" [_thread_in_native, id=6452, stack(0x0000000030a50000,0x0000000030b50000)]
  0x000000001fb78800 JavaThread "Execution worker for ':' Thread 6" [_thread_in_native, id=1756, stack(0x0000000030950000,0x0000000030a50000)]
  0x000000001fb75800 JavaThread "Execution worker for ':' Thread 5" [_thread_in_Java, id=7784, stack(0x0000000030850000,0x0000000030950000)]
  0x000000001fb6e000 JavaThread "Execution worker for ':' Thread 4" [_thread_in_native, id=8096, stack(0x0000000030750000,0x0000000030850000)]
  0x000000001fb73800 JavaThread "Execution worker for ':' Thread 3" [_thread_blocked, id=20600, stack(0x0000000030650000,0x0000000030750000)]
  0x000000001fb6c800 JavaThread "Execution worker for ':' Thread 2" [_thread_blocked, id=15180, stack(0x0000000030550000,0x0000000030650000)]
  0x000000001fb72000 JavaThread "Execution worker for ':'" [_thread_in_native, id=18460, stack(0x0000000030450000,0x0000000030550000)]
  0x000000001fb6f000 JavaThread "Cache worker for file content cache (C:\Users\TGDD\Desktop\android\project\Crawl\.gradle\6.1.1\fileContent)" [_thread_blocked, id=16664, stack(0x000000002dca0000,0x000000002dda0000)]
  0x000000001d271000 JavaThread "Cache worker for Build Output Cleanup Cache (C:\Users\TGDD\Desktop\android\project\Crawl\.gradle\buildOutputCleanup)" [_thread_blocked, id=20152, stack(0x000000002b0e0000,0x000000002b1e0000)]
  0x000000001d272800 JavaThread "Build operations Thread 8" [_thread_blocked, id=2768, stack(0x0000000029be0000,0x0000000029ce0000)]
  0x000000001d270800 JavaThread "Build operations Thread 7" [_thread_blocked, id=8320, stack(0x0000000028360000,0x0000000028460000)]
  0x000000001d26f000 JavaThread "Build operations Thread 6" [_thread_blocked, id=5364, stack(0x0000000027f60000,0x0000000028060000)]
  0x000000001d26e000 JavaThread "Build operations Thread 5" [_thread_blocked, id=18100, stack(0x0000000025470000,0x0000000025570000)]
  0x000000001d26d800 JavaThread "Build operations Thread 4" [_thread_blocked, id=15068, stack(0x0000000024d70000,0x0000000024e70000)]
  0x000000001d274000 JavaThread "Build operations Thread 3" [_thread_blocked, id=18940, stack(0x0000000024c70000,0x0000000024d70000)]
  0x000000001d273800 JavaThread "Build operations Thread 2" [_thread_blocked, id=17344, stack(0x0000000024b70000,0x0000000024c70000)]
  0x000000001d272000 JavaThread "Build operations" [_thread_blocked, id=14084, stack(0x0000000023a70000,0x0000000023b70000)]
  0x000000001d26f800 JavaThread "Cache worker for cache directory md-rule (C:\Users\TGDD\.gradle\caches\6.1.1\md-rule)" [_thread_blocked, id=12920, stack(0x0000000023970000,0x0000000023a70000)]
  0x000000001d266000 JavaThread "Cache worker for cache directory md-supplier (C:\Users\TGDD\.gradle\caches\6.1.1\md-supplier)" [_thread_blocked, id=18352, stack(0x0000000023870000,0x0000000023970000)]
  0x000000001d26c800 JavaThread "Cache worker for file hash cache (C:\Users\TGDD\Desktop\android\project\Crawl\.gradle\6.1.1\fileHashes)" [_thread_blocked, id=16624, stack(0x0000000022f70000,0x0000000023070000)]
  0x000000001d265000 JavaThread "Cache worker for checksums cache (C:\Users\TGDD\Desktop\android\project\Crawl\.gradle\checksums)" [_thread_blocked, id=12364, stack(0x00000000224f0000,0x00000000225f0000)]
  0x000000001d26c000 JavaThread "Thread-248" [_thread_blocked, id=8972, stack(0x00000000223f0000,0x00000000224f0000)]
  0x000000001d268000 JavaThread "Stdin handler" [_thread_blocked, id=14924, stack(0x000000001e820000,0x000000001e920000)]
  0x000000001d26b000 JavaThread "Asynchronous log dispatcher for DefaultDaemonConnection: socket connection from /127.0.0.1:52240 to /127.0.0.1:52605" [_thread_blocked, id=13088, stack(0x000000001e120000,0x000000001e220000)]
  0x000000001d269000 JavaThread "Cancel handler" [_thread_blocked, id=7172, stack(0x0000000001570000,0x0000000001670000)]
  0x000000001d269800 JavaThread "Handler for socket connection from /127.0.0.1:52240 to /127.0.0.1:52605" [_thread_in_native, id=5884, stack(0x0000000001470000,0x0000000001570000)]
  0x000000001fb70800 JavaThread "Daemon worker Thread 5" [_thread_in_native, id=15884, stack(0x000000001e020000,0x000000001e120000)]
  0x000000001fb6f800 JavaThread "Daemon Thread 5" [_thread_blocked, id=13412, stack(0x0000000001370000,0x0000000001470000)]
  0x000000001fb72800 JavaThread "RMI Reaper" [_thread_blocked, id=18776, stack(0x0000000029ee0000,0x0000000029fe0000)]
  0x000000001fb6b000 JavaThread "RMI TCP Accept-0" daemon [_thread_in_native, id=18380, stack(0x0000000029de0000,0x0000000029ee0000)]
  0x0000000025f0a800 JavaThread "GC Daemon" daemon [_thread_blocked, id=19400, stack(0x0000000029ce0000,0x0000000029de0000)]
  0x0000000025f09000 JavaThread "RMI Scheduler(0)" daemon [_thread_blocked, id=8220, stack(0x0000000028460000,0x0000000028560000)]
  0x000000001d2c1000 JavaThread "Cache worker for file content cache (C:\Users\TGDD\.gradle\caches\6.1.1\fileContent)" [_thread_blocked, id=880, stack(0x0000000027070000,0x0000000027170000)]
  0x000000001d2b9800 JavaThread "Memory manager" [_thread_blocked, id=7516, stack(0x0000000025770000,0x0000000025870000)]
  0x000000001cbcd000 JavaThread "Cache worker for execution history cache (C:\Users\TGDD\.gradle\caches\6.1.1\executionHistory)" [_thread_blocked, id=2920, stack(0x00000000225f0000,0x00000000226f0000)]
  0x000000001cbd1800 JavaThread "Cache worker for file hash cache (C:\Users\TGDD\.gradle\caches\6.1.1\fileHashes)" [_thread_blocked, id=19392, stack(0x000000001ed20000,0x000000001ee20000)]
  0x000000001cbd2800 JavaThread "File lock request listener" [_thread_in_native, id=3920, stack(0x000000001ec20000,0x000000001ed20000)]
  0x000000001cc8e800 JavaThread "Cache worker for journal cache (C:\Users\TGDD\.gradle\caches\journal-1)" [_thread_blocked, id=11820, stack(0x000000001eb20000,0x000000001ec20000)]
  0x000000001c9f9000 JavaThread "Daemon periodic checks" [_thread_blocked, id=19436, stack(0x000000001df20000,0x000000001e020000)]
  0x000000001c94c800 JavaThread "Incoming local TCP Connector on port 52240" [_thread_in_native, id=4456, stack(0x000000001dce0000,0x000000001dde0000)]
  0x000000001af8d000 JavaThread "Daemon health stats" [_thread_blocked, id=13828, stack(0x000000001d6a0000,0x000000001d7a0000)]
  0x000000001a0c8800 JavaThread "Service Thread" daemon [_thread_blocked, id=9344, stack(0x000000001ad00000,0x000000001ae00000)]
  0x000000001a03c000 JavaThread "C1 CompilerThread3" daemon [_thread_blocked, id=11936, stack(0x000000001ac00000,0x000000001ad00000)]
=>0x000000001a039800 JavaThread "C2 CompilerThread2" daemon [_thread_in_native, id=12164, stack(0x000000001ab00000,0x000000001ac00000)]
  0x000000001822c800 JavaThread "C2 CompilerThread1" daemon [_thread_blocked, id=10492, stack(0x000000001aa00000,0x000000001ab00000)]
  0x000000001a036000 JavaThread "C2 CompilerThread0" daemon [_thread_in_native, id=21380, stack(0x000000001a900000,0x000000001aa00000)]
  0x000000001a035000 JavaThread "Attach Listener" daemon [_thread_blocked, id=21484, stack(0x000000001a800000,0x000000001a900000)]
  0x000000001a034000 JavaThread "Signal Dispatcher" daemon [_thread_blocked, id=8040, stack(0x000000001a700000,0x000000001a800000)]
  0x000000001a021800 JavaThread "Finalizer" daemon [_thread_blocked, id=12720, stack(0x000000001a500000,0x000000001a600000)]
  0x000000001a020800 JavaThread "Reference Handler" daemon [_thread_blocked, id=4284, stack(0x000000001a400000,0x000000001a500000)]
  0x00000000016de000 JavaThread "main" [_thread_blocked, id=16356, stack(0x0000000002fb0000,0x00000000030b0000)]

Other Threads:
  0x0000000018218000 VMThread [stack: 0x0000000019f00000,0x000000001a000000] [id=19484]
  0x000000001a0c9800 WatcherThread [stack: 0x000000001ae00000,0x000000001af00000] [id=17352]

VM state:not at safepoint (normal execution)

VM Mutex/Monitor currently owned by a thread: None

heap address: 0x0000000080000000, size: 2048 MB, Compressed Oops mode: 32-bit
Narrow klass base: 0x0000000000000000, Narrow klass shift: 3
Compressed class space size: 1073741824 Address: 0x0000000100000000

Heap:
 PSYoungGen      total 621568K, used 241471K [0x00000000d5580000, 0x00000000ff680000, 0x0000000100000000)
  eden space 564224K, 38% used [0x00000000d5580000,0x00000000e27cf4d0,0x00000000f7c80000)
  from space 57344K, 45% used [0x00000000fbe80000,0x00000000fd800b10,0x00000000ff680000)
  to   space 62464K, 0% used [0x00000000f7c80000,0x00000000f7c80000,0x00000000fb980000)
 ParOldGen       total 251904K, used 129134K [0x0000000080000000, 0x000000008f600000, 0x00000000d5580000)
  object space 251904K, 51% used [0x0000000080000000,0x0000000087e1ba20,0x000000008f600000)
 Metaspace       used 156276K, capacity 165768K, committed 166168K, reserved 1193984K
  class space    used 20397K, capacity 22210K, committed 22320K, reserved 1048576K

Card table byte_map: [0x0000000012570000,0x0000000012980000] byte_map_base: 0x0000000012170000

Marking Bits: (ParMarkBitMap*) 0x000000007632f030
 Begin Bits: [0x0000000013430000, 0x0000000015430000)
 End Bits:   [0x0000000015430000, 0x0000000017430000)

Polling page: 0x00000000016c0000

CodeCache: size=245760Kb used=70331Kb max_used=70582Kb free=175428Kb
 bounds [0x00000000031b0000, 0x0000000007760000, 0x00000000121b0000]
 total_blobs=20454 nmethods=19496 adapters=870
 compilation: enabled

Compilation events (10 events):
Event: 928.197 Thread 0x000000001822c800 nmethod 24418 0x0000000004e12250 code [0x0000000004e123a0, 0x0000000004e12588]
Event: 928.200 Thread 0x000000001a03c000 24420       3       com.google.common.collect.ImmutableMap::keySet (5 bytes)
Event: 928.201 Thread 0x000000001a03c000 nmethod 24420 0x0000000004bb69d0 code [0x0000000004bb6b40, 0x0000000004bb6d48]
Event: 928.203 Thread 0x000000001a03c000 24421       3       com.google.common.collect.FluentIterable::concatNoDefensiveCopy (38 bytes)
Event: 928.204 Thread 0x000000001a03c000 nmethod 24421 0x0000000004dcf910 code [0x0000000004dcfac0, 0x0000000004dd0068]
Event: 928.204 Thread 0x000000001a03c000 24422       3       com.google.common.collect.FluentIterable$3::iterator (17 bytes)
Event: 928.205 Thread 0x000000001a03c000 nmethod 24422 0x0000000003b76dd0 code [0x0000000003b76fa0, 0x0000000003b77768]
Event: 928.205 Thread 0x000000001a03c000 24423       3       com.google.common.collect.FluentIterable$3$1::<init> (11 bytes)
Event: 928.206 Thread 0x000000001a03c000 nmethod 24423 0x00000000047cd9d0 code [0x00000000047cdb60, 0x00000000047cdf88]
Event: 928.206 Thread 0x000000001a03c000 24424       3       com.google.common.collect.AbstractIndexedListIterator::<init> (7 bytes)

GC Heap History (10 events):
Event: 762.203 GC heap before
{Heap before GC invocations=29 (full 5):
 PSYoungGen      total 611328K, used 57840K [0x00000000d5580000, 0x0000000100000000, 0x0000000100000000)
  eden space 553472K, 0% used [0x00000000d5580000,0x00000000d5580000,0x00000000f7200000)
  from space 57856K, 99% used [0x00000000fc700000,0x00000000fff7c138,0x00000000fff80000)
  to   space 72704K, 0% used [0x00000000f7200000,0x00000000f7200000,0x00000000fb900000)
 ParOldGen       total 144896K, used 137360K [0x0000000080000000, 0x0000000088d80000, 0x00000000d5580000)
  object space 144896K, 94% used [0x0000000080000000,0x0000000088624008,0x0000000088d80000)
 Metaspace       used 153647K, capacity 162734K, committed 162968K, reserved 1189888K
  class space    used 20161K, capacity 21890K, committed 21936K, reserved 1048576K
Event: 762.432 GC heap after
Heap after GC invocations=29 (full 5):
 PSYoungGen      total 611328K, used 0K [0x00000000d5580000, 0x0000000100000000, 0x0000000100000000)
  eden space 553472K, 0% used [0x00000000d5580000,0x00000000d5580000,0x00000000f7200000)
  from space 57856K, 0% used [0x00000000fc700000,0x00000000fc700000,0x00000000fff80000)
  to   space 72704K, 0% used [0x00000000f7200000,0x00000000f7200000,0x00000000fb900000)
 ParOldGen       total 251904K, used 129046K [0x0000000080000000, 0x000000008f600000, 0x00000000d5580000)
  object space 251904K, 51% used [0x0000000080000000,0x0000000087e05a10,0x000000008f600000)
 Metaspace       used 153547K, capacity 162432K, committed 162968K, reserved 1189888K
  class space    used 20135K, capacity 21859K, committed 21936K, reserved 1048576K
}
Event: 870.374 GC heap before
{Heap before GC invocations=30 (full 5):
 PSYoungGen      total 611328K, used 553472K [0x00000000d5580000, 0x0000000100000000, 0x0000000100000000)
  eden space 553472K, 100% used [0x00000000d5580000,0x00000000f7200000,0x00000000f7200000)
  from space 57856K, 0% used [0x00000000fc700000,0x00000000fc700000,0x00000000fff80000)
  to   space 72704K, 0% used [0x00000000f7200000,0x00000000f7200000,0x00000000fb900000)
 ParOldGen       total 251904K, used 129046K [0x0000000080000000, 0x000000008f600000, 0x00000000d5580000)
  object space 251904K, 51% used [0x0000000080000000,0x0000000087e05a10,0x000000008f600000)
 Metaspace       used 154756K, capacity 163932K, committed 164120K, reserved 1191936K
  class space    used 20251K, capacity 22007K, committed 22064K, reserved 1048576K
Event: 870.390 GC heap after
Heap after GC invocations=30 (full 5):
 PSYoungGen      total 626176K, used 10424K [0x00000000d5580000, 0x0000000100000000, 0x0000000100000000)
  eden space 553472K, 0% used [0x00000000d5580000,0x00000000d5580000,0x00000000f7200000)
  from space 72704K, 14% used [0x00000000f7200000,0x00000000f7c2e178,0x00000000fb900000)
  to   space 71680K, 0% used [0x00000000fba00000,0x00000000fba00000,0x0000000100000000)
 ParOldGen       total 251904K, used 129054K [0x0000000080000000, 0x000000008f600000, 0x00000000d5580000)
  object space 251904K, 51% used [0x0000000080000000,0x0000000087e07a10,0x000000008f600000)
 Metaspace       used 154756K, capacity 163932K, committed 164120K, reserved 1191936K
  class space    used 20251K, capacity 22007K, committed 22064K, reserved 1048576K
}
Event: 922.600 GC heap before
{Heap before GC invocations=31 (full 5):
 PSYoungGen      total 626176K, used 563896K [0x00000000d5580000, 0x0000000100000000, 0x0000000100000000)
  eden space 553472K, 100% used [0x00000000d5580000,0x00000000f7200000,0x00000000f7200000)
  from space 72704K, 14% used [0x00000000f7200000,0x00000000f7c2e178,0x00000000fb900000)
  to   space 71680K, 0% used [0x00000000fba00000,0x00000000fba00000,0x0000000100000000)
 ParOldGen       total 251904K, used 129054K [0x0000000080000000, 0x000000008f600000, 0x00000000d5580000)
  object space 251904K, 51% used [0x0000000080000000,0x0000000087e07a10,0x000000008f600000)
 Metaspace       used 156003K, capacity 165462K, committed 165528K, reserved 1191936K
  class space    used 20367K, capacity 22175K, committed 22192K, reserved 1048576K
Event: 922.614 GC heap after
Heap after GC invocations=31 (full 5):
 PSYoungGen      total 619008K, used 20325K [0x00000000d5580000, 0x00000000ff900000, 0x0000000100000000)
  eden space 554496K, 0% used [0x00000000d5580000,0x00000000d5580000,0x00000000f7300000)
  from space 64512K, 31% used [0x00000000fba00000,0x00000000fcdd9610,0x00000000ff900000)
  to   space 68608K, 0% used [0x00000000f7300000,0x00000000f7300000,0x00000000fb600000)
 ParOldGen       total 251904K, used 129126K [0x0000000080000000, 0x000000008f600000, 0x00000000d5580000)
  object space 251904K, 51% used [0x0000000080000000,0x0000000087e19a20,0x000000008f600000)
 Metaspace       used 156003K, capacity 165462K, committed 165528K, reserved 1191936K
  class space    used 20367K, capacity 22175K, committed 22192K, reserved 1048576K
}
Event: 926.404 GC heap before
{Heap before GC invocations=32 (full 5):
 PSYoungGen      total 619008K, used 574821K [0x00000000d5580000, 0x00000000ff900000, 0x0000000100000000)
  eden space 554496K, 100% used [0x00000000d5580000,0x00000000f7300000,0x00000000f7300000)
  from space 64512K, 31% used [0x00000000fba00000,0x00000000fcdd9610,0x00000000ff900000)
  to   space 68608K, 0% used [0x00000000f7300000,0x00000000f7300000,0x00000000fb600000)
 ParOldGen       total 251904K, used 129126K [0x0000000080000000, 0x000000008f600000, 0x00000000d5580000)
  object space 251904K, 51% used [0x0000000080000000,0x0000000087e19a20,0x000000008f600000)
 Metaspace       used 156009K, capacity 165526K, committed 165784K, reserved 1193984K
  class space    used 20367K, capacity 22175K, committed 22192K, reserved 1048576K
Event: 926.418 GC heap after
Heap after GC invocations=32 (full 5):
 PSYoungGen      total 623104K, used 31348K [0x00000000d5580000, 0x00000000fff00000, 0x0000000100000000)
  eden space 554496K, 0% used [0x00000000d5580000,0x00000000d5580000,0x00000000f7300000)
  from space 68608K, 45% used [0x00000000f7300000,0x00000000f919d1b0,0x00000000fb600000)
  to   space 66048K, 0% used [0x00000000fbe80000,0x00000000fbe80000,0x00000000fff00000)
 ParOldGen       total 251904K, used 129134K [0x0000000080000000, 0x000000008f600000, 0x00000000d5580000)
  object space 251904K, 51% used [0x0000000080000000,0x0000000087e1ba20,0x000000008f600000)
 Metaspace       used 156009K, capacity 165526K, committed 165784K, reserved 1193984K
  class space    used 20367K, capacity 22175K, committed 22192K, reserved 1048576K
}
Event: 926.818 GC heap before
{Heap before GC invocations=33 (full 5):
 PSYoungGen      total 623104K, used 585844K [0x00000000d5580000, 0x00000000fff00000, 0x0000000100000000)
  eden space 554496K, 100% used [0x00000000d5580000,0x00000000f7300000,0x00000000f7300000)
  from space 68608K, 45% used [0x00000000f7300000,0x00000000f919d1b0,0x00000000fb600000)
  to   space 66048K, 0% used [0x00000000fbe80000,0x00000000fbe80000,0x00000000fff00000)
 ParOldGen       total 251904K, used 129134K [0x0000000080000000, 0x000000008f600000, 0x00000000d5580000)
  object space 251904K, 51% used [0x0000000080000000,0x0000000087e1ba20,0x000000008f600000)
 Metaspace       used 156018K, capacity 165526K, committed 165784K, reserved 1193984K
  class space    used 20367K, capacity 22175K, committed 22192K, reserved 1048576K
Event: 926.836 GC heap after
Heap after GC invocations=33 (full 5):
 PSYoungGen      total 621568K, used 26114K [0x00000000d5580000, 0x00000000ff680000, 0x0000000100000000)
  eden space 564224K, 0% used [0x00000000d5580000,0x00000000d5580000,0x00000000f7c80000)
  from space 57344K, 45% used [0x00000000fbe80000,0x00000000fd800b10,0x00000000ff680000)
  to   space 62464K, 0% used [0x00000000f7c80000,0x00000000f7c80000,0x00000000fb980000)
 ParOldGen       total 251904K, used 129134K [0x0000000080000000, 0x000000008f600000, 0x00000000d5580000)
  object space 251904K, 51% used [0x0000000080000000,0x0000000087e1ba20,0x000000008f600000)
 Metaspace       used 156018K, capacity 165526K, committed 165784K, reserved 1193984K
  class space    used 20367K, capacity 22175K, committed 22192K, reserved 1048576K
}

Deoptimization events (10 events):
Event: 926.545 Thread 0x000000001fb72000 Uncommon trap: reason=unstable_if action=reinterpret pc=0x00000000074b52c0 method=org.objectweb.asm.Type.getArgumentsAndReturnSizes(Ljava/lang/String;)I @ 25
Event: 926.635 Thread 0x000000001fb72000 Uncommon trap: reason=unstable_if action=reinterpret pc=0x000000000767cbec method=org.objectweb.asm.MethodWriter.computeMethodInfoSize()I @ 505
Event: 926.640 Thread 0x000000001fb72000 Uncommon trap: reason=unstable_if action=reinterpret pc=0x0000000007692dc0 method=org.objectweb.asm.MethodWriter.putMethodInfo(Lorg/objectweb/asm/ByteVector;)V @ 180
Event: 927.949 Thread 0x000000001fb70800 Uncommon trap: reason=bimorphic action=maybe_recompile pc=0x00000000054f0380 method=org.gradle.api.internal.artifacts.transform.DefaultTransformerInvocationFactory.createInvocation(Lorg/gradle/api/internal/artifacts/transform/Transformer;Ljava/io/File;Lor
Event: 927.949 Thread 0x000000001fb6c800 Uncommon trap: reason=bimorphic action=maybe_recompile pc=0x00000000054f0380 method=org.gradle.api.internal.artifacts.transform.DefaultTransformerInvocationFactory.createInvocation(Lorg/gradle/api/internal/artifacts/transform/Transformer;Ljava/io/File;Lor
Event: 927.949 Thread 0x000000001fb72000 Uncommon trap: reason=bimorphic action=maybe_recompile pc=0x00000000054f0380 method=org.gradle.api.internal.artifacts.transform.DefaultTransformerInvocationFactory.createInvocation(Lorg/gradle/api/internal/artifacts/transform/Transformer;Ljava/io/File;Lor
Event: 927.949 Thread 0x000000001fb73800 Uncommon trap: reason=bimorphic action=maybe_recompile pc=0x00000000054f0380 method=org.gradle.api.internal.artifacts.transform.DefaultTransformerInvocationFactory.createInvocation(Lorg/gradle/api/internal/artifacts/transform/Transformer;Ljava/io/File;Lor
Event: 927.952 Thread 0x000000001fb72000 Uncommon trap: reason=bimorphic action=maybe_recompile pc=0x00000000060ae614 method=org.gradle.api.internal.artifacts.transform.DefaultTransformerInvocationFactory.createInvocation(Lorg/gradle/api/internal/artifacts/transform/Transformer;Ljava/io/File;Lor
Event: 927.991 Thread 0x000000001fb75800 Uncommon trap: reason=unstable_if action=reinterpret pc=0x00000000076f4da8 method=org.objectweb.asm.Label.addLineNumber(I)V @ 48
Event: 927.998 Thread 0x000000001d2c4000 Uncommon trap: reason=unstable_if action=reinterpret pc=0x0000000005fd4118 method=java.util.concurrent.locks.AbstractQueuedSynchronizer$ConditionObject.awaitNanos(J)J @ 89

Classes redefined (0 events):
No events

Internal exceptions (10 events):
Event: 912.738 Thread 0x000000001fb73800 Exception <a 'sun/nio/fs/WindowsException'> (0x00000000f17d9238) thrown at [C:\src\AOSP-openjdk-git\hotspot\src\share\vm\prims\jni.cpp, line 710]
Event: 914.053 Thread 0x000000001fb73800 Exception <a 'sun/nio/fs/WindowsException'> (0x00000000f20b2398) thrown at [C:\src\AOSP-openjdk-git\hotspot\src\share\vm\prims\jni.cpp, line 710]
Event: 919.444 Thread 0x000000001fb73800 Implicit null exception at 0x0000000007317c97 to 0x0000000007317e21
Event: 919.480 Thread 0x000000001fb73800 Exception <a 'sun/nio/fs/WindowsException'> (0x00000000f62b7938) thrown at [C:\src\AOSP-openjdk-git\hotspot\src\share\vm\prims\jni.cpp, line 710]
Event: 922.679 Thread 0x000000001fb6c800 Exception <a 'sun/nio/fs/WindowsException'> (0x00000000d8a250c8) thrown at [C:\src\AOSP-openjdk-git\hotspot\src\share\vm\prims\jni.cpp, line 710]
Event: 923.787 Thread 0x000000001fb78800 Exception <a 'sun/nio/fs/WindowsException'> (0x00000000f01d6bc8) thrown at [C:\src\AOSP-openjdk-git\hotspot\src\share\vm\prims\jni.cpp, line 710]
Event: 926.638 Thread 0x000000001fb70800 Exception <a 'sun/nio/fs/WindowsException'> (0x00000000ec3a5500) thrown at [C:\src\AOSP-openjdk-git\hotspot\src\share\vm\prims\jni.cpp, line 710]
Event: 926.911 Thread 0x000000001fb72000 Exception <a 'sun/nio/fs/WindowsException'> (0x00000000d857a6a8) thrown at [C:\src\AOSP-openjdk-git\hotspot\src\share\vm\prims\jni.cpp, line 710]
Event: 927.845 Thread 0x000000001fb6c800 Exception <a 'sun/nio/fs/WindowsException'> (0x00000000d954bfc8) thrown at [C:\src\AOSP-openjdk-git\hotspot\src\share\vm\prims\jni.cpp, line 710]
Event: 927.902 Thread 0x000000001fb73800 Exception <a 'sun/nio/fs/WindowsException'> (0x00000000d9b0c688) thrown at [C:\src\AOSP-openjdk-git\hotspot\src\share\vm\prims\jni.cpp, line 710]

Events (10 events):
Event: 928.101 Thread 0x000000001a03c000 flushing nmethod 0x0000000006a20850
Event: 928.110 Thread 0x000000001a03c000 flushing nmethod 0x000000000719bed0
Event: 928.197 loading class com/android/builder/internal/aapt/v2/Aapt2DaemonImpl$WaitForTaskCompletion
Event: 928.197 loading class com/android/builder/internal/aapt/v2/Aapt2DaemonImpl$WaitForTaskCompletion done
Event: 928.199 loading class com/android/builder/internal/aapt/v2/Aapt2DaemonUtil
Event: 928.199 loading class com/android/builder/internal/aapt/v2/Aapt2DaemonUtil done
Event: 928.201 loading class com/android/builder/internal/aapt/AaptException
Event: 928.201 loading class com/android/builder/internal/aapt/AaptException done
Event: 928.202 loading class com/android/builder/internal/aapt/v2/AaptV2CommandBuilder
Event: 928.202 loading class com/android/builder/internal/aapt/v2/AaptV2CommandBuilder done


Dynamic libraries:
0x00007ff74e4a0000 - 0x00007ff74e4d1000 	C:\Program Files\Android\Android Studio\jre\bin\java.exe
0x00007fff32aa0000 - 0x00007fff32c90000 	C:\WINDOWS\SYSTEM32\ntdll.dll
0x00007fff31140000 - 0x00007fff311f2000 	C:\WINDOWS\System32\KERNEL32.DLL
0x00007fff2ff90000 - 0x00007fff30235000 	C:\WINDOWS\System32\KERNELBASE.dll
0x00007fff31900000 - 0x00007fff319a3000 	C:\WINDOWS\System32\ADVAPI32.dll
0x00007fff31de0000 - 0x00007fff31e7e000 	C:\WINDOWS\System32\msvcrt.dll
0x00007fff31f80000 - 0x00007fff32017000 	C:\WINDOWS\System32\sechost.dll
0x00007fff325b0000 - 0x00007fff326d0000 	C:\WINDOWS\System32\RPCRT4.dll
0x00007fff32200000 - 0x00007fff32394000 	C:\WINDOWS\System32\USER32.dll
0x00007fff2fa20000 - 0x00007fff2fa41000 	C:\WINDOWS\System32\win32u.dll
0x00007fff31f50000 - 0x00007fff31f76000 	C:\WINDOWS\System32\GDI32.dll
0x00007fff2fd70000 - 0x00007fff2ff06000 	C:\WINDOWS\System32\gdi32full.dll
0x00007fff2fad0000 - 0x00007fff2fb6e000 	C:\WINDOWS\System32\msvcp_win.dll
0x00007fff30a50000 - 0x00007fff30b4a000 	C:\WINDOWS\System32\ucrtbase.dll
0x00007fff12a10000 - 0x00007fff12c94000 	C:\WINDOWS\WinSxS\amd64_microsoft.windows.common-controls_6595b64144ccf1df_6.0.18362.1198_none_9e820b57e45ad92f\COMCTL32.dll
0x00007fff31aa0000 - 0x00007fff31dd5000 	C:\WINDOWS\System32\combase.dll
0x00007fff2fa50000 - 0x00007fff2fad0000 	C:\WINDOWS\System32\bcryptPrimitives.dll
0x00007fff31a70000 - 0x00007fff31a9e000 	C:\WINDOWS\System32\IMM32.DLL
0x00000000759a0000 - 0x0000000075a72000 	C:\Program Files\Android\Android Studio\jre\jre\bin\msvcr100.dll
0x0000000075b60000 - 0x00000000763ab000 	C:\Program Files\Android\Android Studio\jre\jre\bin\server\jvm.dll
0x00007fff32170000 - 0x00007fff32178000 	C:\WINDOWS\System32\PSAPI.DLL
0x00007fff1d570000 - 0x00007fff1d594000 	C:\WINDOWS\SYSTEM32\WINMM.dll
0x00007fff27190000 - 0x00007fff2719a000 	C:\WINDOWS\SYSTEM32\VERSION.dll
0x00007fff28070000 - 0x00007fff28079000 	C:\WINDOWS\SYSTEM32\WSOCK32.dll
0x00007fff32540000 - 0x00007fff325af000 	C:\WINDOWS\System32\WS2_32.dll
0x00007fff1d540000 - 0x00007fff1d56d000 	C:\WINDOWS\SYSTEM32\winmmbase.dll
0x00007fff30a00000 - 0x00007fff30a4a000 	C:\WINDOWS\System32\cfgmgr32.dll
0x00007fff27950000 - 0x00007fff2795f000 	C:\Program Files\Android\Android Studio\jre\jre\bin\verify.dll
0x00007fff1d3d0000 - 0x00007fff1d3f9000 	C:\Program Files\Android\Android Studio\jre\jre\bin\java.dll
0x00007fff1f730000 - 0x00007fff1f746000 	C:\Program Files\Android\Android Studio\jre\jre\bin\zip.dll
0x00007fff31210000 - 0x00007fff318f7000 	C:\WINDOWS\System32\SHELL32.dll
0x00007fff31090000 - 0x00007fff31139000 	C:\WINDOWS\System32\shcore.dll
0x00007fff30270000 - 0x00007fff309f1000 	C:\WINDOWS\System32\windows.storage.dll
0x00007fff2f9f0000 - 0x00007fff2fa13000 	C:\WINDOWS\System32\profapi.dll
0x00007fff2f9a0000 - 0x00007fff2f9ea000 	C:\WINDOWS\System32\powrprof.dll
0x00007fff2f950000 - 0x00007fff2f960000 	C:\WINDOWS\System32\UMPDC.dll
0x00007fff323a0000 - 0x00007fff323f2000 	C:\WINDOWS\System32\shlwapi.dll
0x00007fff2f980000 - 0x00007fff2f991000 	C:\WINDOWS\System32\kernel.appcore.dll
0x00007fff2ff10000 - 0x00007fff2ff27000 	C:\WINDOWS\System32\cryptsp.dll
0x00007fff1dc70000 - 0x00007fff1dc8a000 	C:\Program Files\Android\Android Studio\jre\jre\bin\net.dll
0x00007fff2f140000 - 0x00007fff2f1a7000 	C:\WINDOWS\system32\mswsock.dll
0x00007fff1dc10000 - 0x00007fff1dc23000 	C:\Program Files\Android\Android Studio\jre\jre\bin\nio.dll
0x00007fff13b30000 - 0x00007fff13b56000 	C:\Users\TGDD\.gradle\native\31\windows-amd64\native-platform.dll
0x00007fff26ad0000 - 0x00007fff26add000 	C:\Program Files\Android\Android Studio\jre\jre\bin\management.dll
0x00007fff2ecb0000 - 0x00007fff2ece3000 	C:\WINDOWS\system32\rsaenh.dll
0x00007fff30240000 - 0x00007fff30266000 	C:\WINDOWS\System32\bcrypt.dll
0x00007fff2f870000 - 0x00007fff2f895000 	C:\WINDOWS\SYSTEM32\USERENV.dll
0x00007fff2f310000 - 0x00007fff2f31c000 	C:\WINDOWS\SYSTEM32\CRYPTBASE.dll
0x00007fff2ee50000 - 0x00007fff2ee8a000 	C:\WINDOWS\SYSTEM32\IPHLPAPI.DLL
0x00007fff31200000 - 0x00007fff31208000 	C:\WINDOWS\System32\NSI.dll
0x00007fff2a840000 - 0x00007fff2a856000 	C:\WINDOWS\SYSTEM32\dhcpcsvc6.DLL
0x00007fff2a820000 - 0x00007fff2a83c000 	C:\WINDOWS\SYSTEM32\dhcpcsvc.DLL
0x00007fff2ee90000 - 0x00007fff2ef5b000 	C:\WINDOWS\SYSTEM32\DNSAPI.dll
0x00007fff14120000 - 0x00007fff14144000 	C:\Program Files\Android\Android Studio\jre\jre\bin\sunec.dll
0x00007fff23ed0000 - 0x00007fff23eda000 	C:\Windows\System32\rasadhlp.dll
0x00007fff287c0000 - 0x00007fff28837000 	C:\WINDOWS\System32\fwpuclnt.dll
0x00007fff26aa0000 - 0x00007fff26aab000 	C:\Program Files\Android\Android Studio\jre\jre\bin\sunmscapi.dll
0x00007fff2fc20000 - 0x00007fff2fd69000 	C:\WINDOWS\System32\CRYPT32.dll
0x00007fff2f960000 - 0x00007fff2f972000 	C:\WINDOWS\System32\MSASN1.dll
0x00007fff2e990000 - 0x00007fff2e9c1000 	C:\WINDOWS\SYSTEM32\ntmarta.dll
0x00007fff2e310000 - 0x00007fff2e504000 	C:\WINDOWS\SYSTEM32\dbghelp.dll

VM Arguments:
jvm_args: -Xmx2048m -Dfile.encoding=windows-1252 -Duser.country=US -Duser.language=en -Duser.variant 
java_command: org.gradle.launcher.daemon.bootstrap.GradleDaemon 6.1.1
java_class_path (initial): C:\Users\TGDD\.gradle\wrapper\dists\gradle-6.1.1-all\cfmwm155h49vnt3hynmlrsdst\gradle-6.1.1\lib\gradle-launcher-6.1.1.jar
Launcher Type: SUN_STANDARD

Environment Variables:
JAVA_HOME=C:\Program Files\Java\jdk1.8.0_211
CLASSPATH=.;
PATH=C:\Program Files (x86)\VMware\VMware Player\bin\;C:\Python27\;C:\Python27\Scripts;C:\Program Files\Java\jdk1.8.0_211\bin;C:\WINDOWS\system32;C:\WINDOWS;C:\WINDOWS\System32\Wbem;C:\WINDOWS\System32\WindowsPowerShell\v1.0\;C:\WINDOWS\System32\OpenSSH\;C:\Program Files\Git\cmd;C:\ProgramData\chocolatey\bin;%ANDROID_HOME%;C:\Program Files\nodejs\;C:\Users\TGDD\AppData\Local\Android\Sdk\platform-tools;C:\Program Files (x86)\Yarn\bin\;C:\Program Files\Java\jdk1.8.0_211\bin;C:\Users\TGDD\AppData\Local\Microsoft\WindowsApps;C:\Users\TGDD\AppData\Roaming\npm;C:\Users\TGDD\AppData\Local\Programs\Microsoft VS Code\bin;C:\Users\TGDD\AppData\Local\Yarn\bin;
USERNAME=TGDD
OS=Windows_NT
PROCESSOR_IDENTIFIER=Intel64 Family 6 Model 126 Stepping 5, GenuineIntel



---------------  S Y S T E M  ---------------

OS: Windows 10.0 , 64 bit Build 18362 (10.0.18362.1110)

CPU:total 8 (initial active 8) (4 cores per cpu, 2 threads per core) family 6 model 126 stepping 5, cmov, cx8, fxsr, mmx, sse, sse2, sse3, ssse3, sse4.1, sse4.2, popcnt, avx, avx2, aes, clmul, erms, 3dnowpref, lzcnt, ht, tsc, tscinvbit, bmi1, bmi2, adx

Memory: 4k page, physical 8165168k(402676k free), swap 14456624k(2327124k free)

vm_info: OpenJDK 64-Bit Server VM (25.242-b01) for windows-amd64 JRE (1.8.0_242-release-1644-b01), built by "builder" with MS VC++ 10.0 (VS2010)

time: Fri Nov 20 13:29:14 2020
timezone: SE Asia Standard Time
elapsed time: 928 seconds (0d 0h 15m 28s)

